2016/05/07 02:02:44 [error] [exception.CHttpException.404] exception 'CHttpException' with message 'Unable to resolve the request "gii".' in /var/www/html/yii_framework/framework/web/CWebApplication.php:286
Stack trace:
#0 /var/www/html/yii_framework/framework/web/CWebApplication.php(141): CWebApplication->runController('gii')
#1 /var/www/html/yii_framework/framework/base/CApplication.php(185): CWebApplication->processRequest()
#2 /var/www/html/thoushallcook/index.php(13): CApplication->run()
#3 {main}
REQUEST_URI=/thoushallcook/index.php/gii
---
2016/05/07 11:06:54 [error] [exception.CHttpException.404] exception 'CHttpException' with message 'The system is unable to find the requested action "pages".' in /var/www/yii_framework/framework/web/CController.php:483
Stack trace:
#0 /var/www/yii_framework/framework/web/CController.php(270): CController->missingAction('pages')
#1 /var/www/yii_framework/framework/web/CWebApplication.php(282): CController->run('pages')
#2 /var/www/yii_framework/framework/web/CWebApplication.php(141): CWebApplication->runController('site/pages')
#3 /var/www/yii_framework/framework/base/CApplication.php(185): CWebApplication->processRequest()
#4 /var/www/html/thoushallcook/index.php(13): CApplication->run()
#5 {main}
REQUEST_URI=/thoushallcook/index.php?r=site/pages&view=about
HTTP_REFERER=http://128.199.144.161/thoushallcook/
---
2016/05/07 11:08:36 [error] [exception.CHttpException.404] exception 'CHttpException' with message 'The system is unable to find the requested action "pages".' in /var/www/yii_framework/framework/web/CController.php:483
Stack trace:
#0 /var/www/yii_framework/framework/web/CController.php(270): CController->missingAction('pages')
#1 /var/www/yii_framework/framework/web/CWebApplication.php(282): CController->run('pages')
#2 /var/www/yii_framework/framework/web/CWebApplication.php(141): CWebApplication->runController('site/pages')
#3 /var/www/yii_framework/framework/base/CApplication.php(185): CWebApplication->processRequest()
#4 /var/www/html/thoushallcook/index.php(13): CApplication->run()
#5 {main}
REQUEST_URI=/thoushallcook/index.php?r=site/pages&view=about
HTTP_REFERER=http://128.199.144.161/thoushallcook/
---
2016/05/07 11:11:20 [error] [exception.CHttpException.404] exception 'CHttpException' with message 'The system is unable to find the requested action "pages".' in /var/www/yii_framework/framework/web/CController.php:483
Stack trace:
#0 /var/www/yii_framework/framework/web/CController.php(270): CController->missingAction('pages')
#1 /var/www/yii_framework/framework/web/CWebApplication.php(282): CController->run('pages')
#2 /var/www/yii_framework/framework/web/CWebApplication.php(141): CWebApplication->runController('site/pages')
#3 /var/www/yii_framework/framework/base/CApplication.php(185): CWebApplication->processRequest()
#4 /var/www/html/thoushallcook/index.php(13): CApplication->run()
#5 {main}
REQUEST_URI=/thoushallcook/index.php?r=site/pages&view=about
HTTP_REFERER=http://128.199.144.161/thoushallcook/index.php?r=site/contact
---
2016/05/07 11:12:37 [error] [exception.CHttpException.404] exception 'CHttpException' with message 'The system is unable to find the requested action "pages".' in /var/www/yii_framework/framework/web/CController.php:483
Stack trace:
#0 /var/www/yii_framework/framework/web/CController.php(270): CController->missingAction('pages')
#1 /var/www/yii_framework/framework/web/CWebApplication.php(282): CController->run('pages')
#2 /var/www/yii_framework/framework/web/CWebApplication.php(141): CWebApplication->runController('site/pages')
#3 /var/www/yii_framework/framework/base/CApplication.php(185): CWebApplication->processRequest()
#4 /var/www/html/thoushallcook/index.php(13): CApplication->run()
#5 {main}
REQUEST_URI=/thoushallcook/index.php?r=site/pages&view=about
HTTP_REFERER=http://128.199.144.161/thoushallcook/index.php?r=site/contact
---
2016/05/07 11:12:50 [error] [exception.CHttpException.403] exception 'CHttpException' with message 'You are not allowed to access this page.' in /var/www/yii_framework/framework/gii/GiiModule.php:170
Stack trace:
#0 /var/www/yii_framework/framework/web/CController.php(263): GiiModule->beforeControllerAction(Object(DefaultController), Object(CInlineAction))
#1 /var/www/yii_framework/framework/web/CWebApplication.php(282): CController->run('')
#2 /var/www/yii_framework/framework/web/CWebApplication.php(141): CWebApplication->runController('gii')
#3 /var/www/yii_framework/framework/base/CApplication.php(185): CWebApplication->processRequest()
#4 /var/www/html/thoushallcook/index.php(13): CApplication->run()
#5 {main}
REQUEST_URI=/thoushallcook/index.php?r=gii
---
2016/05/07 11:15:06 [error] [exception.CDbException] exception 'CDbException' with message 'CDbConnection failed to open the DB connection: SQLSTATE[28000] [1045] Access denied for user 'root'@'localhost' (using password: YES)' in /var/www/yii_framework/framework/db/CDbConnection.php:399
Stack trace:
#0 /var/www/yii_framework/framework/db/CDbConnection.php(347): CDbConnection->open()
#1 /var/www/yii_framework/framework/db/CDbConnection.php(325): CDbConnection->setActive(true)
#2 /var/www/yii_framework/framework/base/CModule.php(394): CDbConnection->init()
#3 /var/www/yii_framework/framework/base/CModule.php(103): CModule->getComponent('db')
#4 /var/www/yii_framework/framework/gii/generators/model/ModelCode.php(60): CModule->__get('db')
#5 /var/www/yii_framework/framework/web/CFormModel.php(39): ModelCode->init()
#6 /var/www/yii_framework/framework/gii/CCodeGenerator.php(153): CFormModel->__construct()
#7 /var/www/yii_framework/framework/gii/CCodeGenerator.php(63): CCodeGenerator->prepare()
#8 /var/www/yii_framework/framework/web/actions/CInlineAction.php(49): CCodeGenerator->actionIndex()
#9 /var/www/yii_framework/framework/web/CController.php(308): CInlineAction->runWithParams(Array)
#10 /var/www/yii_framework/framework/web/CController.php(286): CController->runAction(Object(CInlineAction))
#11 /var/www/yii_framework/framework/web/CController.php(265): CController->runActionWithFilters(Object(CInlineAction), Array)
#12 /var/www/yii_framework/framework/web/CWebApplication.php(282): CController->run('index')
#13 /var/www/yii_framework/framework/web/CWebApplication.php(141): CWebApplication->runController('gii/model/index')
#14 /var/www/yii_framework/framework/base/CApplication.php(185): CWebApplication->processRequest()
#15 /var/www/html/thoushallcook/index.php(13): CApplication->run()
#16 {main}
REQUEST_URI=/thoushallcook/index.php?r=gii/model/index
HTTP_REFERER=http://128.199.144.161/thoushallcook/index.php?r=gii/default/index
---
2016/05/07 11:41:25 [error] [exception.CHttpException.404] exception 'CHttpException' with message 'Unable to resolve the request "ingredients".' in /var/www/yii_framework/framework/web/CWebApplication.php:286
Stack trace:
#0 /var/www/yii_framework/framework/web/CWebApplication.php(141): CWebApplication->runController('ingredients')
#1 /var/www/yii_framework/framework/base/CApplication.php(185): CWebApplication->processRequest()
#2 /var/www/html/thoushallcook/index.php(13): CApplication->run()
#3 {main}
REQUEST_URI=/thoushallcook/index.php?r=ingredients
---
2016/05/07 11:41:39 [error] [exception.CHttpException.404] exception 'CHttpException' with message 'The system is unable to find the requested action "update.php".' in /var/www/yii_framework/framework/web/CController.php:483
Stack trace:
#0 /var/www/yii_framework/framework/web/CController.php(270): CController->missingAction('update.php')
#1 /var/www/yii_framework/framework/web/CWebApplication.php(282): CController->run('update.php')
#2 /var/www/yii_framework/framework/web/CWebApplication.php(141): CWebApplication->runController('ingredient/upda...')
#3 /var/www/yii_framework/framework/base/CApplication.php(185): CWebApplication->processRequest()
#4 /var/www/html/thoushallcook/index.php(13): CApplication->run()
#5 {main}
REQUEST_URI=/thoushallcook/index.php?r=ingredient/update.php
---
2016/05/07 11:41:51 [error] [exception.CHttpException.404] exception 'CHttpException' with message 'The system is unable to find the requested action "view".' in /var/www/yii_framework/framework/web/CController.php:483
Stack trace:
#0 /var/www/yii_framework/framework/web/CController.php(270): CController->missingAction('view')
#1 /var/www/yii_framework/framework/web/CWebApplication.php(282): CController->run('view')
#2 /var/www/yii_framework/framework/web/CWebApplication.php(141): CWebApplication->runController('site/view')
#3 /var/www/yii_framework/framework/base/CApplication.php(185): CWebApplication->processRequest()
#4 /var/www/html/thoushallcook/index.php(13): CApplication->run()
#5 {main}
REQUEST_URI=/thoushallcook/index.php?r=site/view
---
2016/05/07 11:41:59 [error] [exception.CHttpException.400] exception 'CHttpException' with message 'Your request is invalid.' in /var/www/yii_framework/framework/web/CController.php:336
Stack trace:
#0 /var/www/yii_framework/framework/web/CController.php(309): CController->invalidActionParams(Object(CInlineAction))
#1 /var/www/yii_framework/framework/web/filters/CFilterChain.php(133): CController->runAction(Object(CInlineAction))
#2 /var/www/yii_framework/framework/web/filters/CFilter.php(40): CFilterChain->run()
#3 /var/www/yii_framework/framework/web/CController.php(1145): CFilter->filter(Object(CFilterChain))
#4 /var/www/yii_framework/framework/web/filters/CInlineFilter.php(58): CController->filterAccessControl(Object(CFilterChain))
#5 /var/www/yii_framework/framework/web/filters/CFilterChain.php(130): CInlineFilter->filter(Object(CFilterChain))
#6 /var/www/yii_framework/framework/web/CController.php(291): CFilterChain->run()
#7 /var/www/yii_framework/framework/web/CController.php(265): CController->runActionWithFilters(Object(CInlineAction), Array)
#8 /var/www/yii_framework/framework/web/CWebApplication.php(282): CController->run('view')
#9 /var/www/yii_framework/framework/web/CWebApplication.php(141): CWebApplication->runController('ingredient/view')
#10 /var/www/yii_framework/framework/base/CApplication.php(185): CWebApplication->processRequest()
#11 /var/www/html/thoushallcook/index.php(13): CApplication->run()
#12 {main}
REQUEST_URI=/thoushallcook/index.php?r=ingredient/view
---
2016/05/07 11:42:06 [error] [exception.CHttpException.404] exception 'CHttpException' with message 'The system is unable to find the requested action "view.php".' in /var/www/yii_framework/framework/web/CController.php:483
Stack trace:
#0 /var/www/yii_framework/framework/web/CController.php(270): CController->missingAction('view.php')
#1 /var/www/yii_framework/framework/web/CWebApplication.php(282): CController->run('view.php')
#2 /var/www/yii_framework/framework/web/CWebApplication.php(141): CWebApplication->runController('ingredient/view...')
#3 /var/www/yii_framework/framework/base/CApplication.php(185): CWebApplication->processRequest()
#4 /var/www/html/thoushallcook/index.php(13): CApplication->run()
#5 {main}
REQUEST_URI=/thoushallcook/index.php?r=ingredient/view.php
---
2016/05/07 13:42:03 [error] [exception.CHttpException.404] exception 'CHttpException' with message 'The system is unable to find the requested action "pages".' in /var/www/yii_framework/framework/web/CController.php:483
Stack trace:
#0 /var/www/yii_framework/framework/web/CController.php(270): CController->missingAction('pages')
#1 /var/www/yii_framework/framework/web/CWebApplication.php(282): CController->run('pages')
#2 /var/www/yii_framework/framework/web/CWebApplication.php(141): CWebApplication->runController('site/pages')
#3 /var/www/yii_framework/framework/base/CApplication.php(185): CWebApplication->processRequest()
#4 /var/www/html/thoushallcook/index.php(13): CApplication->run()
#5 {main}
REQUEST_URI=/thoushallcook/index.php?r=site/pages&view=about
HTTP_REFERER=http://128.199.144.161/thoushallcook/
---
